SF:lib\main.dart
DA:4,0
DA:5,0
DA:9,2
DA:12,1
DA:14,1
DA:17,1
DA:18,1
LF:7
LH:5
end_of_record
SF:lib\location_menu.dart
DA:4,3
DA:27,1
DA:30,1
DA:32,1
DA:35,1
DA:36,0
DA:37,4
DA:38,3
DA:39,1
LF:9
LH:8
end_of_record
SF:lib\weather_home_screen.dart
DA:7,1
DA:9,1
DA:10,1
DA:16,0
DA:17,0
DA:18,0
DA:22,1
DA:24,1
DA:25,1
DA:27,1
DA:28,3
DA:31,1
DA:32,1
DA:34,1
DA:83,1
DA:85,1
DA:87,1
DA:92,1
DA:94,1
DA:97,1
DA:98,1
DA:100,1
DA:101,1
DA:102,3
DA:116,1
DA:118,1
DA:120,1
DA:125,1
DA:127,1
DA:130,1
DA:131,1
DA:133,2
DA:134,2
LF:33
LH:30
end_of_record
SF:lib\weather_detail_card.dart
DA:9,1
DA:16,1
DA:18,1
DA:19,1
DA:20,3
DA:22,1
DA:23,1
DA:26,1
DA:27,1
LF:9
LH:9
end_of_record
